
07-26-2025 01:41:49 AM - INFO - root : ***** [ START OF TEST - Verify Login Successful For Valid Credentials ] ******

07-26-2025 01:41:49 AM - DEBUG - selenium.webdriver.common.selenium_manager : Selenium Manager binary found at: C:\Users\rohitnegi01\AppData\Roaming\Python\Python311\site-packages\selenium\webdriver\common\windows\selenium-manager.exe

07-26-2025 01:41:49 AM - DEBUG - selenium.webdriver.common.selenium_manager : Executing process: C:\Users\rohitnegi01\AppData\Roaming\Python\Python311\site-packages\selenium\webdriver\common\windows\selenium-manager.exe --browser chrome --debug --output json

07-26-2025 01:41:58 AM - DEBUG - selenium.webdriver.common.selenium_manager : Checking chromedriver in PATH

07-26-2025 01:41:58 AM - DEBUG - selenium.webdriver.common.selenium_manager : Running command: chromedriver --version

07-26-2025 01:41:58 AM - DEBUG - selenium.webdriver.common.selenium_manager : Output: ""

07-26-2025 01:41:58 AM - DEBUG - selenium.webdriver.common.selenium_manager : chromedriver not found in PATH

07-26-2025 01:41:58 AM - DEBUG - selenium.webdriver.common.selenium_manager : chrome detected at C:\Users\rohitnegi01\AppData\Local\Google\Chrome\Application\chrome.exe

07-26-2025 01:41:58 AM - DEBUG - selenium.webdriver.common.selenium_manager : Using shell command to find out chrome version

07-26-2025 01:41:58 AM - DEBUG - selenium.webdriver.common.selenium_manager : Running command: wmic datafile where name='C:\\Users\\rohitnegi01\\AppData\\Local\\Google\\Chrome\\Application\\chrome.exe' get Version /value

07-26-2025 01:41:58 AM - DEBUG - selenium.webdriver.common.selenium_manager : Output: "\r\r\n\r\r\nVersion=138.0.7204.158\r\r\n\r\r\n\r\r\n\r"

07-26-2025 01:41:58 AM - DEBUG - selenium.webdriver.common.selenium_manager : Detected browser: chrome 138.0.7204.158

07-26-2025 01:41:58 AM - DEBUG - selenium.webdriver.common.selenium_manager : Reading metadata from https://googlechromelabs.github.io/chrome-for-testing/known-good-versions-with-downloads.json

07-26-2025 01:41:58 AM - DEBUG - selenium.webdriver.common.selenium_manager : Required driver: chromedriver 138.0.7204.168

07-26-2025 01:41:58 AM - DEBUG - selenium.webdriver.common.selenium_manager : Driver URL: https://storage.googleapis.com/chrome-for-testing-public/138.0.7204.168/win64/chromedriver-win64.zip

07-26-2025 01:41:58 AM - DEBUG - selenium.webdriver.common.selenium_manager : Driver path: C:\Users\rohitnegi01\.cache\selenium\chromedriver\win64\138.0.7204.168\chromedriver.exe

07-26-2025 01:41:58 AM - DEBUG - selenium.webdriver.common.selenium_manager : Browser path: C:\Users\rohitnegi01\AppData\Local\Google\Chrome\Application\chrome.exe

07-26-2025 01:41:58 AM - DEBUG - selenium.webdriver.common.selenium_manager : Using driver at: C:\Users\rohitnegi01\.cache\selenium\chromedriver\win64\138.0.7204.168\chromedriver.exe

07-26-2025 01:41:58 AM - INFO - root : ***** Test Status: FAIL *****

07-26-2025 01:41:58 AM - INFO - root : ***** [ END OF TEST - Verify Login Successful For Valid Credentials ] *****
